<?xml version="1.0" encoding="UTF-8"?>
<!-- Generated by org.testng.reporters.JUnitReportReporter -->
<testsuite hostname="LAPTOP-K5LPCUFF" failures="0" tests="4" name="com.example.tests.UserTests" time="1.977" errors="0" timestamp="2024-09-05T07:37:22 IST" skipped="0">
  <testcase classname="com.example.tests.UserTests" name="testCreateUserAndPlaceOrder" time="1.760"/>
  <system-out/>
  <testcase classname="com.example.tests.UserTests" name="testGetAllData" time="0.113"/>
  <system-out/>
  <testcase classname="com.example.tests.UserTests" name="testUserLogin" time="0.052"/>
  <system-out/>
  <testcase classname="com.example.tests.UserTests" name="testUserRegistration" time="0.052"/>
  <system-out/>
</testsuite> <!-- com.example.tests.UserTests -->
