<?xml version="1.0" encoding="UTF-8"?>
<!-- Generated by org.testng.reporters.JUnitReportReporter -->
<testsuite hostname="LAPTOP-K5LPCUFF" failures="0" tests="2" name="com.example.tests.ApiTest" time="0.133" errors="0" timestamp="2024-09-05T07:37:22 IST" skipped="0">
  <testcase classname="com.example.tests.ApiTest" name="testCreateProductWithQueryAndPathParameters" time="0.070"/>
  <system-out/>
  <testcase classname="com.example.tests.ApiTest" name="testGetProductWithQueryAndPathParameters" time="0.063"/>
  <system-out/>
</testsuite> <!-- com.example.tests.ApiTest -->
